<?xml version="1.0" encoding="UTF-8"?>
<!-- Generated by org.testng.reporters.JUnitReportReporter -->
<testsuite hostname="human-PC" name="test.TestIOS" tests="1" failures="0" timestamp="3 Mar 2016 07:39:28 GMT" time="61.413" errors="0">
  <testcase name="loginInIOS" time="61.413" classname="test.TestIOS"/>
</testsuite> <!-- test.TestIOS -->
